Determining if the pthread_create exist failed with the following output:
Change Dir: /home/aa/test/build/CMakeFiles/CMakeTmp

Run Build Command:"/usr/bin/make" "cmTC_fcf1b/fast"
/usr/bin/make -f CMakeFiles/cmTC_fcf1b.dir/build.make CMakeFiles/cmTC_fcf1b.dir/build
make[1]: Entering directory '/home/aa/test/build/CMakeFiles/CMakeTmp'
Building C object CMakeFiles/cmTC_fcf1b.dir/CheckSymbolExists.c.o
/usr/bin/cc    -o CMakeFiles/cmTC_fcf1b.dir/CheckSymbolExists.c.o   -c /home/aa/test/build/CMakeFiles/CMakeTmp/CheckSymbolExists.c
Linking C executable cmTC_fcf1b
/usr/bin/cmake -E cmake_link_script CMakeFiles/cmTC_fcf1b.dir/link.txt --verbose=1
/usr/bin/cc      -rdynamic CMakeFiles/cmTC_fcf1b.dir/CheckSymbolExists.c.o  -o cmTC_fcf1b 
CMakeFiles/cmTC_fcf1b.dir/CheckSymbolExists.c.o: In function `main':
CheckSymbolExists.c:(.text+0x1b): undefined reference to `pthread_create'
collect2: error: ld returned 1 exit status
CMakeFiles/cmTC_fcf1b.dir/build.make:97: recipe for target 'cmTC_fcf1b' failed
make[1]: *** [cmTC_fcf1b] Error 1
make[1]: Leaving directory '/home/aa/test/build/CMakeFiles/CMakeTmp'
Makefile:126: recipe for target 'cmTC_fcf1b/fast' failed
make: *** [cmTC_fcf1b/fast] Error 2

File /home/aa/test/build/CMakeFiles/CMakeTmp/CheckSymbolExists.c:
/* */
#include <pthread.h>

int main(int argc, char** argv)
{
  (void)argv;
#ifndef pthread_create
  return ((int*)(&pthread_create))[argc];
#else
  (void)argc;
  return 0;
#endif
}

Determining if the function pthread_create exists in the pthreads failed with the following output:
Change Dir: /home/aa/test/build/CMakeFiles/CMakeTmp

Run Build Command:"/usr/bin/make" "cmTC_417be/fast"
/usr/bin/make -f CMakeFiles/cmTC_417be.dir/build.make CMakeFiles/cmTC_417be.dir/build
make[1]: Entering directory '/home/aa/test/build/CMakeFiles/CMakeTmp'
Building C object CMakeFiles/cmTC_417be.dir/CheckFunctionExists.c.o
/usr/bin/cc   -DCHECK_FUNCTION_EXISTS=pthread_create   -o CMakeFiles/cmTC_417be.dir/CheckFunctionExists.c.o   -c /usr/share/cmake-3.10/Modules/CheckFunctionExists.c
Linking C executable cmTC_417be
/usr/bin/cmake -E cmake_link_script CMakeFiles/cmTC_417be.dir/link.txt --verbose=1
/usr/bin/cc  -DCHECK_FUNCTION_EXISTS=pthread_create    -rdynamic CMakeFiles/cmTC_417be.dir/CheckFunctionExists.c.o  -o cmTC_417be -lpthreads 
/usr/bin/ld: cannot find -lpthreads
collect2: error: ld returned 1 exit status
CMakeFiles/cmTC_417be.dir/build.make:97: recipe for target 'cmTC_417be' failed
make[1]: *** [cmTC_417be] Error 1
make[1]: Leaving directory '/home/aa/test/build/CMakeFiles/CMakeTmp'
Makefile:126: recipe for target 'cmTC_417be/fast' failed
make: *** [cmTC_417be/fast] Error 2


